{
  "D:\\NUS_Project\\Smart_Itinerary\\components\\Footer.tsx": {
    "path": "D:\\NUS_Project\\Smart_Itinerary\\components\\Footer.tsx",
    "statementMap": {
      "0": {
        "start": {
          "line": 1,
          "column": 22
        },
        "end": {
          "line": 41,
          "column": 1
        }
      },
      "1": {
        "start": {
          "line": 2,
          "column": 4
        },
        "end": {
          "line": 40,
          "column": 5
        }
      }
    },
    "fnMap": {
      "0": {
        "name": "(anonymous_0)",
        "decl": {
          "start": {
            "line": 1,
            "column": 22
          },
          "end": {
            "line": 1,
            "column": 23
          }
        },
        "loc": {
          "start": {
            "line": 1,
            "column": 28
          },
          "end": {
            "line": 41,
            "column": 1
          }
        },
        "line": 1
      }
    },
    "branchMap": {},
    "s": {
      "0": 62,
      "1": 118
    },
    "f": {
      "0": 118
    },
    "b": {},
    "_coverageSchema": "1a1c01bbd47fc00a2c39e90264f33305004495a9",
    "hash": "f7976b3a46cb3e22d8002cb2cf2979c947405946"
  },
  "D:\\NUS_Project\\Smart_Itinerary\\components\\forms\\AuthForm.tsx": {
    "path": "D:\\NUS_Project\\Smart_Itinerary\\components\\forms\\AuthForm.tsx",
    "statementMap": {
      "0": {
        "start": {
          "line": 5,
          "column": 17
        },
        "end": {
          "line": 23,
          "column": 1
        }
      },
      "1": {
        "start": {
          "line": 6,
          "column": 2
        },
        "end": {
          "line": 22,
          "column": 3
        }
      }
    },
    "fnMap": {
      "0": {
        "name": "(anonymous_0)",
        "decl": {
          "start": {
            "line": 5,
            "column": 17
          },
          "end": {
            "line": 5,
            "column": 18
          }
        },
        "loc": {
          "start": {
            "line": 5,
            "column": 23
          },
          "end": {
            "line": 23,
            "column": 1
          }
        },
        "line": 5
      }
    },
    "branchMap": {},
    "s": {
      "0": 62,
      "1": 226
    },
    "f": {
      "0": 226
    },
    "b": {},
    "_coverageSchema": "1a1c01bbd47fc00a2c39e90264f33305004495a9",
    "hash": "108a83cc3c002ab078ca25f93efa9da1929b0b66"
  },
  "D:\\NUS_Project\\Smart_Itinerary\\context\\AuthContext.tsx": {
    "path": "D:\\NUS_Project\\Smart_Itinerary\\context\\AuthContext.tsx",
    "statementMap": {
      "0": {
        "start": {
          "line": 11,
          "column": 20
        },
        "end": {
          "line": 16,
          "column": 2
        }
      },
      "1": {
        "start": {
          "line": 20,
          "column": 26
        },
        "end": {
          "line": 20,
          "column": 27
        }
      },
      "2": {
        "start": {
          "line": 22,
          "column": 69
        },
        "end": {
          "line": 64,
          "column": 1
        }
      },
      "3": {
        "start": {
          "line": 25,
          "column": 26
        },
        "end": {
          "line": 25,
          "column": 45
        }
      },
      "4": {
        "start": {
          "line": 26,
          "column": 32
        },
        "end": {
          "line": 26,
          "column": 46
        }
      },
      "5": {
        "start": {
          "line": 27,
          "column": 28
        },
        "end": {
          "line": 27,
          "column": 55
        }
      },
      "6": {
        "start": {
          "line": 29,
          "column": 2
        },
        "end": {
          "line": 42,
          "column": 9
        }
      },
      "7": {
        "start": {
          "line": 30,
          "column": 22
        },
        "end": {
          "line": 39,
          "column": 5
        }
      },
      "8": {
        "start": {
          "line": 31,
          "column": 6
        },
        "end": {
          "line": 38,
          "column": 7
        }
      },
      "9": {
        "start": {
          "line": 32,
          "column": 28
        },
        "end": {
          "line": 32,
          "column": 62
        }
      },
      "10": {
        "start": {
          "line": 33,
          "column": 8
        },
        "end": {
          "line": 33,
          "column": 37
        }
      },
      "11": {
        "start": {
          "line": 35,
          "column": 8
        },
        "end": {
          "line": 35,
          "column": 59
        }
      },
      "12": {
        "start": {
          "line": 37,
          "column": 8
        },
        "end": {
          "line": 37,
          "column": 26
        }
      },
      "13": {
        "start": {
          "line": 41,
          "column": 4
        },
        "end": {
          "line": 41,
          "column": 16
        }
      },
      "14": {
        "start": {
          "line": 45,
          "column": 18
        },
        "end": {
          "line": 53,
          "column": 3
        }
      },
      "15": {
        "start": {
          "line": 46,
          "column": 4
        },
        "end": {
          "line": 52,
          "column": 5
        }
      },
      "16": {
        "start": {
          "line": 47,
          "column": 6
        },
        "end": {
          "line": 47,
          "column": 37
        }
      },
      "17": {
        "start": {
          "line": 48,
          "column": 6
        },
        "end": {
          "line": 48,
          "column": 20
        }
      },
      "18": {
        "start": {
          "line": 49,
          "column": 6
        },
        "end": {
          "line": 49,
          "column": 33
        }
      },
      "19": {
        "start": {
          "line": 51,
          "column": 6
        },
        "end": {
          "line": 51,
          "column": 49
        }
      },
      "20": {
        "start": {
          "line": 55,
          "column": 21
        },
        "end": {
          "line": 57,
          "column": 3
        }
      },
      "21": {
        "start": {
          "line": 56,
          "column": 4
        },
        "end": {
          "line": 56,
          "column": 21
        }
      },
      "22": {
        "start": {
          "line": 59,
          "column": 2
        },
        "end": {
          "line": 63,
          "column": 4
        }
      },
      "23": {
        "start": {
          "line": 66,
          "column": 23
        },
        "end": {
          "line": 66,
          "column": 52
        }
      },
      "24": {
        "start": {
          "line": 66,
          "column": 29
        },
        "end": {
          "line": 66,
          "column": 52
        }
      }
    },
    "fnMap": {
      "0": {
        "name": "(anonymous_0)",
        "decl": {
          "start": {
            "line": 14,
            "column": 14
          },
          "end": {
            "line": 14,
            "column": 15
          }
        },
        "loc": {
          "start": {
            "line": 14,
            "column": 20
          },
          "end": {
            "line": 14,
            "column": 23
          }
        },
        "line": 14
      },
      "1": {
        "name": "(anonymous_1)",
        "decl": {
          "start": {
            "line": 15,
            "column": 11
          },
          "end": {
            "line": 15,
            "column": 12
          }
        },
        "loc": {
          "start": {
            "line": 15,
            "column": 23
          },
          "end": {
            "line": 15,
            "column": 26
          }
        },
        "line": 15
      },
      "2": {
        "name": "(anonymous_2)",
        "decl": {
          "start": {
            "line": 22,
            "column": 69
          },
          "end": {
            "line": 22,
            "column": 70
          }
        },
        "loc": {
          "start": {
            "line": 24,
            "column": 6
          },
          "end": {
            "line": 64,
            "column": 1
          }
        },
        "line": 24
      },
      "3": {
        "name": "(anonymous_3)",
        "decl": {
          "start": {
            "line": 29,
            "column": 12
          },
          "end": {
            "line": 29,
            "column": 13
          }
        },
        "loc": {
          "start": {
            "line": 29,
            "column": 18
          },
          "end": {
            "line": 42,
            "column": 3
          }
        },
        "line": 29
      },
      "4": {
        "name": "(anonymous_4)",
        "decl": {
          "start": {
            "line": 30,
            "column": 22
          },
          "end": {
            "line": 30,
            "column": 23
          }
        },
        "loc": {
          "start": {
            "line": 30,
            "column": 34
          },
          "end": {
            "line": 39,
            "column": 5
          }
        },
        "line": 30
      },
      "5": {
        "name": "(anonymous_5)",
        "decl": {
          "start": {
            "line": 45,
            "column": 18
          },
          "end": {
            "line": 45,
            "column": 19
          }
        },
        "loc": {
          "start": {
            "line": 45,
            "column": 30
          },
          "end": {
            "line": 53,
            "column": 3
          }
        },
        "line": 45
      },
      "6": {
        "name": "(anonymous_6)",
        "decl": {
          "start": {
            "line": 55,
            "column": 21
          },
          "end": {
            "line": 55,
            "column": 22
          }
        },
        "loc": {
          "start": {
            "line": 55,
            "column": 39
          },
          "end": {
            "line": 57,
            "column": 3
          }
        },
        "line": 55
      },
      "7": {
        "name": "(anonymous_7)",
        "decl": {
          "start": {
            "line": 66,
            "column": 23
          },
          "end": {
            "line": 66,
            "column": 24
          }
        },
        "loc": {
          "start": {
            "line": 66,
            "column": 29
          },
          "end": {
            "line": 66,
            "column": 52
          }
        },
        "line": 66
      }
    },
    "branchMap": {
      "0": {
        "loc": {
          "start": {
            "line": 33,
            "column": 16
          },
          "end": {
            "line": 33,
            "column": 35
          }
        },
        "type": "binary-expr",
        "locations": [
          {
            "start": {
              "line": 33,
              "column": 16
            },
            "end": {
              "line": 33,
              "column": 27
            }
          },
          {
            "start": {
              "line": 33,
              "column": 31
            },
            "end": {
              "line": 33,
              "column": 35
            }
          }
        ],
        "line": 33
      }
    },
    "s": {
      "0": 62,
      "1": 62,
      "2": 62,
      "3": 510,
      "4": 510,
      "5": 510,
      "6": 510,
      "7": 103,
      "8": 103,
      "9": 103,
      "10": 103,
      "11": 0,
      "12": 103,
      "13": 103,
      "14": 510,
      "15": 0,
      "16": 0,
      "17": 0,
      "18": 0,
      "19": 0,
      "20": 510,
      "21": 47,
      "22": 510,
      "23": 62,
      "24": 922
    },
    "f": {
      "0": 0,
      "1": 0,
      "2": 510,
      "3": 103,
      "4": 103,
      "5": 0,
      "6": 47,
      "7": 922
    },
    "b": {
      "0": [
        103,
        0
      ]
    },
    "_coverageSchema": "1a1c01bbd47fc00a2c39e90264f33305004495a9",
    "hash": "8d0d391c2516ee0b777ea457d40043c41d973c46"
  },
  "D:\\NUS_Project\\Smart_Itinerary\\components\\Header.tsx": {
    "path": "D:\\NUS_Project\\Smart_Itinerary\\components\\Header.tsx",
    "statementMap": {
      "0": {
        "start": {
          "line": 6,
          "column": 22
        },
        "end": {
          "line": 62,
          "column": 1
        }
      },
      "1": {
        "start": {
          "line": 7,
          "column": 28
        },
        "end": {
          "line": 7,
          "column": 37
        }
      },
      "2": {
        "start": {
          "line": 9,
          "column": 2
        },
        "end": {
          "line": 61,
          "column": 4
        }
      }
    },
    "fnMap": {
      "0": {
        "name": "(anonymous_0)",
        "decl": {
          "start": {
            "line": 6,
            "column": 22
          },
          "end": {
            "line": 6,
            "column": 23
          }
        },
        "loc": {
          "start": {
            "line": 6,
            "column": 28
          },
          "end": {
            "line": 62,
            "column": 1
          }
        },
        "line": 6
      }
    },
    "branchMap": {
      "0": {
        "loc": {
          "start": {
            "line": 18,
            "column": 9
          },
          "end": {
            "line": 58,
            "column": 9
          }
        },
        "type": "cond-expr",
        "locations": [
          {
            "start": {
              "line": 20,
              "column": 10
            },
            "end": {
              "line": 20,
              "column": 22
            }
          },
          {
            "start": {
              "line": 23,
              "column": 10
            },
            "end": {
              "line": 57,
              "column": 16
            }
          }
        ],
        "line": 18
      },
      "1": {
        "loc": {
          "start": {
            "line": 30,
            "column": 17
          },
          "end": {
            "line": 43,
            "column": 17
          }
        },
        "type": "cond-expr",
        "locations": [
          {
            "start": {
              "line": 31,
              "column": 18
            },
            "end": {
              "line": 38,
              "column": 20
            }
          },
          {
            "start": {
              "line": 40,
              "column": 18
            },
            "end": {
              "line": 42,
              "column": 24
            }
          }
        ],
        "line": 30
      },
      "2": {
        "loc": {
          "start": {
            "line": 41,
            "column": 21
          },
          "end": {
            "line": 41,
            "column": 43
          }
        },
        "type": "cond-expr",
        "locations": [
          {
            "start": {
              "line": 41,
              "column": 28
            },
            "end": {
              "line": 41,
              "column": 37
            }
          },
          {
            "start": {
              "line": 41,
              "column": 40
            },
            "end": {
              "line": 41,
              "column": 43
            }
          }
        ],
        "line": 41
      }
    },
    "s": {
      "0": 62,
      "1": 510,
      "2": 510
    },
    "f": {
      "0": 510
    },
    "b": {
      "0": [
        226,
        284
      ],
      "1": [
        0,
        284
      ],
      "2": [
        284,
        0
      ]
    },
    "_coverageSchema": "1a1c01bbd47fc00a2c39e90264f33305004495a9",
    "hash": "b19c365ede31da701c67b1122c8f8f588e986af9"
  },
  "D:\\NUS_Project\\Smart_Itinerary\\app\\layout.tsx": {
    "path": "D:\\NUS_Project\\Smart_Itinerary\\app\\layout.tsx",
    "statementMap": {
      "0": {
        "start": {
          "line": 25,
          "column": 2
        },
        "end": {
          "line": 44,
          "column": 4
        }
      }
    },
    "fnMap": {
      "0": {
        "name": "RootLayout",
        "decl": {
          "start": {
            "line": 24,
            "column": 24
          },
          "end": {
            "line": 24,
            "column": 34
          }
        },
        "loc": {
          "start": {
            "line": 24,
            "column": 66
          },
          "end": {
            "line": 45,
            "column": 1
          }
        },
        "line": 24
      }
    },
    "branchMap": {},
    "s": {
      "0": 230
    },
    "f": {
      "0": 230
    },
    "b": {},
    "_coverageSchema": "1a1c01bbd47fc00a2c39e90264f33305004495a9",
    "hash": "4a5a8265ba652b619193c62f51858dfbaebf8492"
  },
  "D:\\NUS_Project\\Smart_Itinerary\\app\\(itinerary)\\plan-itinerary\\CountrySearch.tsx": {
    "path": "D:\\NUS_Project\\Smart_Itinerary\\app\\(itinerary)\\plan-itinerary\\CountrySearch.tsx",
    "statementMap": {
      "0": {
        "start": {
          "line": 17,
          "column": 38
        },
        "end": {
          "line": 17,
          "column": 50
        }
      },
      "1": {
        "start": {
          "line": 19,
          "column": 4
        },
        "end": {
          "line": 19,
          "column": 34
        }
      },
      "2": {
        "start": {
          "line": 20,
          "column": 42
        },
        "end": {
          "line": 20,
          "column": 57
        }
      },
      "3": {
        "start": {
          "line": 22,
          "column": 23
        },
        "end": {
          "line": 25,
          "column": 3
        }
      },
      "4": {
        "start": {
          "line": 23,
          "column": 4
        },
        "end": {
          "line": 23,
          "column": 34
        }
      },
      "5": {
        "start": {
          "line": 24,
          "column": 4
        },
        "end": {
          "line": 24,
          "column": 42
        }
      },
      "6": {
        "start": {
          "line": 27,
          "column": 30
        },
        "end": {
          "line": 31,
          "column": 3
        }
      },
      "7": {
        "start": {
          "line": 28,
          "column": 4
        },
        "end": {
          "line": 28,
          "column": 40
        }
      },
      "8": {
        "start": {
          "line": 29,
          "column": 4
        },
        "end": {
          "line": 29,
          "column": 27
        }
      },
      "9": {
        "start": {
          "line": 30,
          "column": 4
        },
        "end": {
          "line": 30,
          "column": 75
        }
      },
      "10": {
        "start": {
          "line": 33,
          "column": 26
        },
        "end": {
          "line": 40,
          "column": 3
        }
      },
      "11": {
        "start": {
          "line": 34,
          "column": 4
        },
        "end": {
          "line": 39,
          "column": 5
        }
      },
      "12": {
        "start": {
          "line": 35,
          "column": 23
        },
        "end": {
          "line": 37,
          "column": 7
        }
      },
      "13": {
        "start": {
          "line": 36,
          "column": 8
        },
        "end": {
          "line": 36,
          "column": 77
        }
      },
      "14": {
        "start": {
          "line": 38,
          "column": 6
        },
        "end": {
          "line": 38,
          "column": 37
        }
      },
      "15": {
        "start": {
          "line": 41,
          "column": 2
        },
        "end": {
          "line": 43,
          "column": 30
        }
      },
      "16": {
        "start": {
          "line": 42,
          "column": 4
        },
        "end": {
          "line": 42,
          "column": 22
        }
      },
      "17": {
        "start": {
          "line": 45,
          "column": 2
        },
        "end": {
          "line": 87,
          "column": 4
        }
      },
      "18": {
        "start": {
          "line": 63,
          "column": 23
        },
        "end": {
          "line": 63,
          "column": 44
        }
      },
      "19": {
        "start": {
          "line": 72,
          "column": 14
        },
        "end": {
          "line": 77,
          "column": 19
        }
      },
      "20": {
        "start": {
          "line": 74,
          "column": 31
        },
        "end": {
          "line": 74,
          "column": 59
        }
      }
    },
    "fnMap": {
      "0": {
        "name": "CountrySearch",
        "decl": {
          "start": {
            "line": 12,
            "column": 24
          },
          "end": {
            "line": 12,
            "column": 37
          }
        },
        "loc": {
          "start": {
            "line": 16,
            "column": 23
          },
          "end": {
            "line": 88,
            "column": 1
          }
        },
        "line": 16
      },
      "1": {
        "name": "(anonymous_1)",
        "decl": {
          "start": {
            "line": 22,
            "column": 23
          },
          "end": {
            "line": 22,
            "column": 24
          }
        },
        "loc": {
          "start": {
            "line": 22,
            "column": 67
          },
          "end": {
            "line": 25,
            "column": 3
          }
        },
        "line": 22
      },
      "2": {
        "name": "(anonymous_2)",
        "decl": {
          "start": {
            "line": 27,
            "column": 30
          },
          "end": {
            "line": 27,
            "column": 31
          }
        },
        "loc": {
          "start": {
            "line": 27,
            "column": 52
          },
          "end": {
            "line": 31,
            "column": 3
          }
        },
        "line": 27
      },
      "3": {
        "name": "(anonymous_3)",
        "decl": {
          "start": {
            "line": 33,
            "column": 26
          },
          "end": {
            "line": 33,
            "column": 27
          }
        },
        "loc": {
          "start": {
            "line": 33,
            "column": 32
          },
          "end": {
            "line": 40,
            "column": 3
          }
        },
        "line": 33
      },
      "4": {
        "name": "(anonymous_4)",
        "decl": {
          "start": {
            "line": 35,
            "column": 40
          },
          "end": {
            "line": 35,
            "column": 41
          }
        },
        "loc": {
          "start": {
            "line": 36,
            "column": 8
          },
          "end": {
            "line": 36,
            "column": 77
          }
        },
        "line": 36
      },
      "5": {
        "name": "(anonymous_5)",
        "decl": {
          "start": {
            "line": 41,
            "column": 12
          },
          "end": {
            "line": 41,
            "column": 13
          }
        },
        "loc": {
          "start": {
            "line": 41,
            "column": 18
          },
          "end": {
            "line": 43,
            "column": 3
          }
        },
        "line": 41
      },
      "6": {
        "name": "(anonymous_6)",
        "decl": {
          "start": {
            "line": 63,
            "column": 17
          },
          "end": {
            "line": 63,
            "column": 18
          }
        },
        "loc": {
          "start": {
            "line": 63,
            "column": 23
          },
          "end": {
            "line": 63,
            "column": 44
          }
        },
        "line": 63
      },
      "7": {
        "name": "(anonymous_7)",
        "decl": {
          "start": {
            "line": 71,
            "column": 34
          },
          "end": {
            "line": 71,
            "column": 35
          }
        },
        "loc": {
          "start": {
            "line": 72,
            "column": 14
          },
          "end": {
            "line": 77,
            "column": 19
          }
        },
        "line": 72
      },
      "8": {
        "name": "(anonymous_8)",
        "decl": {
          "start": {
            "line": 74,
            "column": 25
          },
          "end": {
            "line": 74,
            "column": 26
          }
        },
        "loc": {
          "start": {
            "line": 74,
            "column": 31
          },
          "end": {
            "line": 74,
            "column": 59
          }
        },
        "line": 74
      }
    },
    "branchMap": {
      "0": {
        "loc": {
          "start": {
            "line": 34,
            "column": 4
          },
          "end": {
            "line": 39,
            "column": 5
          }
        },
        "type": "if",
        "locations": [
          {
            "start": {
              "line": 34,
              "column": 4
            },
            "end": {
              "line": 39,
              "column": 5
            }
          },
          {
            "start": {},
            "end": {}
          }
        ],
        "line": 34
      },
      "1": {
        "loc": {
          "start": {
            "line": 49,
            "column": 11
          },
          "end": {
            "line": 49,
            "column": 102
          }
        },
        "type": "cond-expr",
        "locations": [
          {
            "start": {
              "line": 49,
              "column": 36
            },
            "end": {
              "line": 49,
              "column": 67
            }
          },
          {
            "start": {
              "line": 49,
              "column": 70
            },
            "end": {
              "line": 49,
              "column": 102
            }
          }
        ],
        "line": 49
      },
      "2": {
        "loc": {
          "start": {
            "line": 58,
            "column": 21
          },
          "end": {
            "line": 58,
            "column": 99
          }
        },
        "type": "cond-expr",
        "locations": [
          {
            "start": {
              "line": 58,
              "column": 46
            },
            "end": {
              "line": 58,
              "column": 68
            }
          },
          {
            "start": {
              "line": 58,
              "column": 71
            },
            "end": {
              "line": 58,
              "column": 99
            }
          }
        ],
        "line": 58
      },
      "3": {
        "loc": {
          "start": {
            "line": 59,
            "column": 14
          },
          "end": {
            "line": 59,
            "column": 63
          }
        },
        "type": "cond-expr",
        "locations": [
          {
            "start": {
              "line": 59,
              "column": 39
            },
            "end": {
              "line": 59,
              "column": 52
            }
          },
          {
            "start": {
              "line": 59,
              "column": 55
            },
            "end": {
              "line": 59,
              "column": 63
            }
          }
        ],
        "line": 59
      },
      "4": {
        "loc": {
          "start": {
            "line": 68,
            "column": 7
          },
          "end": {
            "line": 85,
            "column": 7
          }
        },
        "type": "binary-expr",
        "locations": [
          {
            "start": {
              "line": 68,
              "column": 7
            },
            "end": {
              "line": 68,
              "column": 19
            }
          },
          {
            "start": {
              "line": 69,
              "column": 8
            },
            "end": {
              "line": 84,
              "column": 13
            }
          }
        ],
        "line": 68
      },
      "5": {
        "loc": {
          "start": {
            "line": 70,
            "column": 11
          },
          "end": {
            "line": 83,
            "column": 11
          }
        },
        "type": "cond-expr",
        "locations": [
          {
            "start": {
              "line": 71,
              "column": 12
            },
            "end": {
              "line": 78,
              "column": 14
            }
          },
          {
            "start": {
              "line": 80,
              "column": 12
            },
            "end": {
              "line": 82,
              "column": 17
            }
          }
        ],
        "line": 70
      },
      "6": {
        "loc": {
          "start": {
            "line": 70,
            "column": 11
          },
          "end": {
            "line": 70,
            "column": 60
          }
        },
        "type": "binary-expr",
        "locations": [
          {
            "start": {
              "line": 70,
              "column": 11
            },
            "end": {
              "line": 70,
              "column": 28
            }
          },
          {
            "start": {
              "line": 70,
              "column": 32
            },
            "end": {
              "line": 70,
              "column": 60
            }
          }
        ],
        "line": 70
      }
    },
    "s": {
      "0": 289,
      "1": 289,
      "2": 289,
      "3": 289,
      "4": 18,
      "5": 18,
      "6": 289,
      "7": 0,
      "8": 0,
      "9": 0,
      "10": 289,
      "11": 62,
      "12": 62,
      "13": 5916,
      "14": 62,
      "15": 289,
      "16": 62,
      "17": 289,
      "18": 5,
      "19": 73,
      "20": 0
    },
    "f": {
      "0": 289,
      "1": 18,
      "2": 0,
      "3": 62,
      "4": 5916,
      "5": 62,
      "6": 5,
      "7": 73,
      "8": 0
    },
    "b": {
      "0": [
        62,
        0
      ],
      "1": [
        118,
        171
      ],
      "2": [
        118,
        171
      ],
      "3": [
        118,
        171
      ],
      "4": [
        289,
        41
      ],
      "5": [
        41,
        0
      ],
      "6": [
        41,
        41
      ]
    },
    "_coverageSchema": "1a1c01bbd47fc00a2c39e90264f33305004495a9",
    "hash": "1d999564dce57c2c9bf7185f73ac0743ace3546a"
  },
  "D:\\NUS_Project\\Smart_Itinerary\\app\\(itinerary)\\plan-itinerary\\ItineraryForm.tsx": {
    "path": "D:\\NUS_Project\\Smart_Itinerary\\app\\(itinerary)\\plan-itinerary\\ItineraryForm.tsx",
    "statementMap": {
      "0": {
        "start": {
          "line": 22,
          "column": 17
        },
        "end": {
          "line": 22,
          "column": 28
        }
      },
      "1": {
        "start": {
          "line": 23,
          "column": 44
        },
        "end": {
          "line": 23,
          "column": 64
        }
      },
      "2": {
        "start": {
          "line": 24,
          "column": 54
        },
        "end": {
          "line": 24,
          "column": 74
        }
      },
      "3": {
        "start": {
          "line": 25,
          "column": 66
        },
        "end": {
          "line": 25,
          "column": 86
        }
      },
      "4": {
        "start": {
          "line": 26,
          "column": 76
        },
        "end": {
          "line": 26,
          "column": 96
        }
      },
      "5": {
        "start": {
          "line": 28,
          "column": 36
        },
        "end": {
          "line": 30,
          "column": 3
        }
      },
      "6": {
        "start": {
          "line": 31,
          "column": 32
        },
        "end": {
          "line": 33,
          "column": 3
        }
      },
      "7": {
        "start": {
          "line": 34,
          "column": 36
        },
        "end": {
          "line": 34,
          "column": 55
        }
      },
      "8": {
        "start": {
          "line": 35,
          "column": 36
        },
        "end": {
          "line": 35,
          "column": 55
        }
      },
      "9": {
        "start": {
          "line": 36,
          "column": 40
        },
        "end": {
          "line": 36,
          "column": 62
        }
      },
      "10": {
        "start": {
          "line": 37,
          "column": 40
        },
        "end": {
          "line": 43,
          "column": 4
        }
      },
      "11": {
        "start": {
          "line": 45,
          "column": 22
        },
        "end": {
          "line": 45,
          "column": 50
        }
      },
      "12": {
        "start": {
          "line": 46,
          "column": 26
        },
        "end": {
          "line": 46,
          "column": 45
        }
      },
      "13": {
        "start": {
          "line": 48,
          "column": 2
        },
        "end": {
          "line": 56,
          "column": 20
        }
      },
      "14": {
        "start": {
          "line": 49,
          "column": 22
        },
        "end": {
          "line": 54,
          "column": 5
        }
      },
      "15": {
        "start": {
          "line": 50,
          "column": 26
        },
        "end": {
          "line": 50,
          "column": 43
        }
      },
      "16": {
        "start": {
          "line": 51,
          "column": 6
        },
        "end": {
          "line": 53,
          "column": 7
        }
      },
      "17": {
        "start": {
          "line": 52,
          "column": 8
        },
        "end": {
          "line": 52,
          "column": 29
        }
      },
      "18": {
        "start": {
          "line": 55,
          "column": 4
        },
        "end": {
          "line": 55,
          "column": 16
        }
      },
      "19": {
        "start": {
          "line": 58,
          "column": 40
        },
        "end": {
          "line": 58,
          "column": 55
        }
      },
      "20": {
        "start": {
          "line": 60,
          "column": 17
        },
        "end": {
          "line": 60,
          "column": 39
        }
      },
      "21": {
        "start": {
          "line": 62,
          "column": 27
        },
        "end": {
          "line": 83,
          "column": 3
        }
      },
      "22": {
        "start": {
          "line": 63,
          "column": 24
        },
        "end": {
          "line": 63,
          "column": 44
        }
      },
      "23": {
        "start": {
          "line": 64,
          "column": 4
        },
        "end": {
          "line": 82,
          "column": 7
        }
      },
      "24": {
        "start": {
          "line": 74,
          "column": 20
        },
        "end": {
          "line": 74,
          "column": 63
        }
      },
      "25": {
        "start": {
          "line": 75,
          "column": 8
        },
        "end": {
          "line": 80,
          "column": 9
        }
      },
      "26": {
        "start": {
          "line": 76,
          "column": 10
        },
        "end": {
          "line": 79,
          "column": 13
        }
      },
      "27": {
        "start": {
          "line": 77,
          "column": 12
        },
        "end": {
          "line": 77,
          "column": 60
        }
      },
      "28": {
        "start": {
          "line": 78,
          "column": 12
        },
        "end": {
          "line": 78,
          "column": 27
        }
      },
      "29": {
        "start": {
          "line": 88,
          "column": 4
        },
        "end": {
          "line": 88,
          "column": 27
        }
      },
      "30": {
        "start": {
          "line": 89,
          "column": 21
        },
        "end": {
          "line": 101,
          "column": 5
        }
      },
      "31": {
        "start": {
          "line": 102,
          "column": 4
        },
        "end": {
          "line": 102,
          "column": 37
        }
      },
      "32": {
        "start": {
          "line": 103,
          "column": 27
        },
        "end": {
          "line": 103,
          "column": 71
        }
      },
      "33": {
        "start": {
          "line": 104,
          "column": 4
        },
        "end": {
          "line": 104,
          "column": 53
        }
      },
      "34": {
        "start": {
          "line": 107,
          "column": 31
        },
        "end": {
          "line": 112,
          "column": 3
        }
      },
      "35": {
        "start": {
          "line": 108,
          "column": 31
        },
        "end": {
          "line": 108,
          "column": 39
        }
      },
      "36": {
        "start": {
          "line": 109,
          "column": 4
        },
        "end": {
          "line": 111,
          "column": 6
        }
      },
      "37": {
        "start": {
          "line": 110,
          "column": 6
        },
        "end": {
          "line": 110,
          "column": 72
        }
      },
      "38": {
        "start": {
          "line": 110,
          "column": 57
        },
        "end": {
          "line": 110,
          "column": 71
        }
      },
      "39": {
        "start": {
          "line": 114,
          "column": 35
        },
        "end": {
          "line": 145,
          "column": 3
        }
      },
      "40": {
        "start": {
          "line": 117,
          "column": 20
        },
        "end": {
          "line": 117,
          "column": 40
        }
      },
      "41": {
        "start": {
          "line": 118,
          "column": 4
        },
        "end": {
          "line": 118,
          "column": 28
        }
      },
      "42": {
        "start": {
          "line": 119,
          "column": 4
        },
        "end": {
          "line": 144,
          "column": 5
        }
      },
      "43": {
        "start": {
          "line": 120,
          "column": 6
        },
        "end": {
          "line": 120,
          "column": 38
        }
      },
      "44": {
        "start": {
          "line": 121,
          "column": 6
        },
        "end": {
          "line": 143,
          "column": 7
        }
      },
      "45": {
        "start": {
          "line": 122,
          "column": 33
        },
        "end": {
          "line": 122,
          "column": 83
        }
      },
      "46": {
        "start": {
          "line": 123,
          "column": 8
        },
        "end": {
          "line": 137,
          "column": 9
        }
      },
      "47": {
        "start": {
          "line": 124,
          "column": 10
        },
        "end": {
          "line": 124,
          "column": 85
        }
      },
      "48": {
        "start": {
          "line": 125,
          "column": 10
        },
        "end": {
          "line": 125,
          "column": 85
        }
      },
      "49": {
        "start": {
          "line": 126,
          "column": 26
        },
        "end": {
          "line": 126,
          "column": 61
        }
      },
      "50": {
        "start": {
          "line": 127,
          "column": 10
        },
        "end": {
          "line": 127,
          "column": 34
        }
      },
      "51": {
        "start": {
          "line": 128,
          "column": 10
        },
        "end": {
          "line": 131,
          "column": 12
        }
      },
      "52": {
        "start": {
          "line": 133,
          "column": 10
        },
        "end": {
          "line": 133,
          "column": 32
        }
      },
      "53": {
        "start": {
          "line": 134,
          "column": 10
        },
        "end": {
          "line": 136,
          "column": 13
        }
      },
      "54": {
        "start": {
          "line": 141,
          "column": 8
        },
        "end": {
          "line": 141,
          "column": 27
        }
      },
      "55": {
        "start": {
          "line": 142,
          "column": 8
        },
        "end": {
          "line": 142,
          "column": 30
        }
      },
      "56": {
        "start": {
          "line": 147,
          "column": 2
        },
        "end": {
          "line": 454,
          "column": 4
        }
      },
      "57": {
        "start": {
          "line": 159,
          "column": 18
        },
        "end": {
          "line": 159,
          "column": 41
        }
      },
      "58": {
        "start": {
          "line": 160,
          "column": 18
        },
        "end": {
          "line": 160,
          "column": 60
        }
      },
      "59": {
        "start": {
          "line": 169,
          "column": 18
        },
        "end": {
          "line": 169,
          "column": 46
        }
      },
      "60": {
        "start": {
          "line": 170,
          "column": 18
        },
        "end": {
          "line": 170,
          "column": 65
        }
      },
      "61": {
        "start": {
          "line": 202,
          "column": 41
        },
        "end": {
          "line": 202,
          "column": 55
        }
      },
      "62": {
        "start": {
          "line": 203,
          "column": 20
        },
        "end": {
          "line": 203,
          "column": 47
        }
      },
      "63": {
        "start": {
          "line": 206,
          "column": 20
        },
        "end": {
          "line": 213,
          "column": 21
        }
      },
      "64": {
        "start": {
          "line": 207,
          "column": 38
        },
        "end": {
          "line": 207,
          "column": 60
        }
      },
      "65": {
        "start": {
          "line": 208,
          "column": 22
        },
        "end": {
          "line": 208,
          "column": 61
        }
      },
      "66": {
        "start": {
          "line": 211,
          "column": 47
        },
        "end": {
          "line": 211,
          "column": 82
        }
      },
      "67": {
        "start": {
          "line": 212,
          "column": 22
        },
        "end": {
          "line": 212,
          "column": 51
        }
      },
      "68": {
        "start": {
          "line": 225,
          "column": 35
        },
        "end": {
          "line": 225,
          "column": 61
        }
      },
      "69": {
        "start": {
          "line": 302,
          "column": 39
        },
        "end": {
          "line": 302,
          "column": 61
        }
      },
      "70": {
        "start": {
          "line": 303,
          "column": 20
        },
        "end": {
          "line": 310,
          "column": 21
        }
      },
      "71": {
        "start": {
          "line": 304,
          "column": 37
        },
        "end": {
          "line": 304,
          "column": 70
        }
      },
      "72": {
        "start": {
          "line": 305,
          "column": 22
        },
        "end": {
          "line": 305,
          "column": 43
        }
      },
      "73": {
        "start": {
          "line": 307,
          "column": 22
        },
        "end": {
          "line": 309,
          "column": 23
        }
      },
      "74": {
        "start": {
          "line": 308,
          "column": 24
        },
        "end": {
          "line": 308,
          "column": 45
        }
      },
      "75": {
        "start": {
          "line": 326,
          "column": 39
        },
        "end": {
          "line": 326,
          "column": 61
        }
      },
      "76": {
        "start": {
          "line": 327,
          "column": 20
        },
        "end": {
          "line": 329,
          "column": 21
        }
      },
      "77": {
        "start": {
          "line": 328,
          "column": 22
        },
        "end": {
          "line": 328,
          "column": 70
        }
      },
      "78": {
        "start": {
          "line": 333,
          "column": 20
        },
        "end": {
          "line": 339,
          "column": 21
        }
      },
      "79": {
        "start": {
          "line": 334,
          "column": 22
        },
        "end": {
          "line": 337,
          "column": 25
        }
      },
      "80": {
        "start": {
          "line": 338,
          "column": 22
        },
        "end": {
          "line": 338,
          "column": 46
        }
      },
      "81": {
        "start": {
          "line": 419,
          "column": 20
        },
        "end": {
          "line": 441,
          "column": 28
        }
      },
      "82": {
        "start": {
          "line": 435,
          "column": 26
        },
        "end": {
          "line": 438,
          "column": 29
        }
      }
    },
    "fnMap": {
      "0": {
        "name": "ItineraryForm",
        "decl": {
          "start": {
            "line": 18,
            "column": 24
          },
          "end": {
            "line": 18,
            "column": 37
          }
        },
        "loc": {
          "start": {
            "line": 21,
            "column": 23
          },
          "end": {
            "line": 455,
            "column": 1
          }
        },
        "line": 21
      },
      "1": {
        "name": "(anonymous_1)",
        "decl": {
          "start": {
            "line": 48,
            "column": 12
          },
          "end": {
            "line": 48,
            "column": 13
          }
        },
        "loc": {
          "start": {
            "line": 48,
            "column": 18
          },
          "end": {
            "line": 56,
            "column": 3
          }
        },
        "line": 48
      },
      "2": {
        "name": "(anonymous_2)",
        "decl": {
          "start": {
            "line": 49,
            "column": 22
          },
          "end": {
            "line": 49,
            "column": 23
          }
        },
        "loc": {
          "start": {
            "line": 49,
            "column": 34
          },
          "end": {
            "line": 54,
            "column": 5
          }
        },
        "line": 49
      },
      "3": {
        "name": "(anonymous_3)",
        "decl": {
          "start": {
            "line": 62,
            "column": 27
          },
          "end": {
            "line": 62,
            "column": 28
          }
        },
        "loc": {
          "start": {
            "line": 62,
            "column": 33
          },
          "end": {
            "line": 83,
            "column": 3
          }
        },
        "line": 62
      },
      "4": {
        "name": "(anonymous_4)",
        "decl": {
          "start": {
            "line": 73,
            "column": 15
          },
          "end": {
            "line": 73,
            "column": 16
          }
        },
        "loc": {
          "start": {
            "line": 73,
            "column": 21
          },
          "end": {
            "line": 81,
            "column": 7
          }
        },
        "line": 73
      },
      "5": {
        "name": "(anonymous_5)",
        "decl": {
          "start": {
            "line": 76,
            "column": 40
          },
          "end": {
            "line": 76,
            "column": 41
          }
        },
        "loc": {
          "start": {
            "line": 76,
            "column": 52
          },
          "end": {
            "line": 79,
            "column": 11
          }
        },
        "line": 76
      },
      "6": {
        "name": "onSubmit",
        "decl": {
          "start": {
            "line": 85,
            "column": 17
          },
          "end": {
            "line": 85,
            "column": 25
          }
        },
        "loc": {
          "start": {
            "line": 85,
            "column": 61
          },
          "end": {
            "line": 105,
            "column": 3
          }
        },
        "line": 85
      },
      "7": {
        "name": "(anonymous_7)",
        "decl": {
          "start": {
            "line": 107,
            "column": 31
          },
          "end": {
            "line": 107,
            "column": 32
          }
        },
        "loc": {
          "start": {
            "line": 107,
            "column": 75
          },
          "end": {
            "line": 112,
            "column": 3
          }
        },
        "line": 107
      },
      "8": {
        "name": "(anonymous_8)",
        "decl": {
          "start": {
            "line": 109,
            "column": 19
          },
          "end": {
            "line": 109,
            "column": 20
          }
        },
        "loc": {
          "start": {
            "line": 110,
            "column": 6
          },
          "end": {
            "line": 110,
            "column": 72
          }
        },
        "line": 110
      },
      "9": {
        "name": "(anonymous_9)",
        "decl": {
          "start": {
            "line": 110,
            "column": 47
          },
          "end": {
            "line": 110,
            "column": 48
          }
        },
        "loc": {
          "start": {
            "line": 110,
            "column": 57
          },
          "end": {
            "line": 110,
            "column": 71
          }
        },
        "line": 110
      },
      "10": {
        "name": "(anonymous_10)",
        "decl": {
          "start": {
            "line": 114,
            "column": 35
          },
          "end": {
            "line": 114,
            "column": 36
          }
        },
        "loc": {
          "start": {
            "line": 116,
            "column": 7
          },
          "end": {
            "line": 145,
            "column": 3
          }
        },
        "line": 116
      },
      "11": {
        "name": "(anonymous_11)",
        "decl": {
          "start": {
            "line": 158,
            "column": 36
          },
          "end": {
            "line": 158,
            "column": 37
          }
        },
        "loc": {
          "start": {
            "line": 158,
            "column": 74
          },
          "end": {
            "line": 161,
            "column": 17
          }
        },
        "line": 158
      },
      "12": {
        "name": "(anonymous_12)",
        "decl": {
          "start": {
            "line": 168,
            "column": 36
          },
          "end": {
            "line": 168,
            "column": 37
          }
        },
        "loc": {
          "start": {
            "line": 168,
            "column": 74
          },
          "end": {
            "line": 171,
            "column": 17
          }
        },
        "line": 168
      },
      "13": {
        "name": "(anonymous_13)",
        "decl": {
          "start": {
            "line": 201,
            "column": 28
          },
          "end": {
            "line": 201,
            "column": 29
          }
        },
        "loc": {
          "start": {
            "line": 201,
            "column": 35
          },
          "end": {
            "line": 214,
            "column": 19
          }
        },
        "line": 201
      },
      "14": {
        "name": "(anonymous_14)",
        "decl": {
          "start": {
            "line": 225,
            "column": 28
          },
          "end": {
            "line": 225,
            "column": 29
          }
        },
        "loc": {
          "start": {
            "line": 225,
            "column": 35
          },
          "end": {
            "line": 225,
            "column": 61
          }
        },
        "line": 225
      },
      "15": {
        "name": "(anonymous_15)",
        "decl": {
          "start": {
            "line": 301,
            "column": 28
          },
          "end": {
            "line": 301,
            "column": 29
          }
        },
        "loc": {
          "start": {
            "line": 301,
            "column": 35
          },
          "end": {
            "line": 311,
            "column": 19
          }
        },
        "line": 301
      },
      "16": {
        "name": "(anonymous_16)",
        "decl": {
          "start": {
            "line": 325,
            "column": 28
          },
          "end": {
            "line": 325,
            "column": 29
          }
        },
        "loc": {
          "start": {
            "line": 325,
            "column": 35
          },
          "end": {
            "line": 330,
            "column": 19
          }
        },
        "line": 325
      },
      "17": {
        "name": "(anonymous_17)",
        "decl": {
          "start": {
            "line": 331,
            "column": 26
          },
          "end": {
            "line": 331,
            "column": 27
          }
        },
        "loc": {
          "start": {
            "line": 331,
            "column": 32
          },
          "end": {
            "line": 340,
            "column": 19
          }
        },
        "line": 331
      },
      "18": {
        "name": "(anonymous_18)",
        "decl": {
          "start": {
            "line": 418,
            "column": 33
          },
          "end": {
            "line": 418,
            "column": 34
          }
        },
        "loc": {
          "start": {
            "line": 419,
            "column": 20
          },
          "end": {
            "line": 441,
            "column": 28
          }
        },
        "line": 419
      },
      "19": {
        "name": "(anonymous_19)",
        "decl": {
          "start": {
            "line": 434,
            "column": 34
          },
          "end": {
            "line": 434,
            "column": 35
          }
        },
        "loc": {
          "start": {
            "line": 434,
            "column": 40
          },
          "end": {
            "line": 439,
            "column": 25
          }
        },
        "line": 434
      }
    },
    "branchMap": {
      "0": {
        "loc": {
          "start": {
            "line": 51,
            "column": 6
          },
          "end": {
            "line": 53,
            "column": 7
          }
        },
        "type": "if",
        "locations": [
          {
            "start": {
              "line": 51,
              "column": 6
            },
            "end": {
              "line": 53,
              "column": 7
            }
          },
          {
            "start": {},
            "end": {}
          }
        ],
        "line": 51
      },
      "1": {
        "loc": {
          "start": {
            "line": 75,
            "column": 8
          },
          "end": {
            "line": 80,
            "column": 9
          }
        },
        "type": "if",
        "locations": [
          {
            "start": {
              "line": 75,
              "column": 8
            },
            "end": {
              "line": 80,
              "column": 9
            }
          },
          {
            "start": {},
            "end": {}
          }
        ],
        "line": 75
      },
      "2": {
        "loc": {
          "start": {
            "line": 110,
            "column": 6
          },
          "end": {
            "line": 110,
            "column": 72
          }
        },
        "type": "cond-expr",
        "locations": [
          {
            "start": {
              "line": 110,
              "column": 16
            },
            "end": {
              "line": 110,
              "column": 32
            }
          },
          {
            "start": {
              "line": 110,
              "column": 35
            },
            "end": {
              "line": 110,
              "column": 72
            }
          }
        ],
        "line": 110
      },
      "3": {
        "loc": {
          "start": {
            "line": 119,
            "column": 4
          },
          "end": {
            "line": 144,
            "column": 5
          }
        },
        "type": "if",
        "locations": [
          {
            "start": {
              "line": 119,
              "column": 4
            },
            "end": {
              "line": 144,
              "column": 5
            }
          },
          {
            "start": {},
            "end": {}
          }
        ],
        "line": 119
      },
      "4": {
        "loc": {
          "start": {
            "line": 121,
            "column": 6
          },
          "end": {
            "line": 143,
            "column": 7
          }
        },
        "type": "if",
        "locations": [
          {
            "start": {
              "line": 121,
              "column": 6
            },
            "end": {
              "line": 143,
              "column": 7
            }
          },
          {
            "start": {
              "line": 140,
              "column": 11
            },
            "end": {
              "line": 143,
              "column": 7
            }
          }
        ],
        "line": 121
      },
      "5": {
        "loc": {
          "start": {
            "line": 121,
            "column": 10
          },
          "end": {
            "line": 121,
            "column": 25
          }
        },
        "type": "binary-expr",
        "locations": [
          {
            "start": {
              "line": 121,
              "column": 10
            },
            "end": {
              "line": 121,
              "column": 14
            }
          },
          {
            "start": {
              "line": 121,
              "column": 18
            },
            "end": {
              "line": 121,
              "column": 25
            }
          }
        ],
        "line": 121
      },
      "6": {
        "loc": {
          "start": {
            "line": 123,
            "column": 8
          },
          "end": {
            "line": 137,
            "column": 9
          }
        },
        "type": "if",
        "locations": [
          {
            "start": {
              "line": 123,
              "column": 8
            },
            "end": {
              "line": 137,
              "column": 9
            }
          },
          {
            "start": {
              "line": 132,
              "column": 15
            },
            "end": {
              "line": 137,
              "column": 9
            }
          }
        ],
        "line": 123
      },
      "7": {
        "loc": {
          "start": {
            "line": 124,
            "column": 23
          },
          "end": {
            "line": 124,
            "column": 82
          }
        },
        "type": "cond-expr",
        "locations": [
          {
            "start": {
              "line": 124,
              "column": 52
            },
            "end": {
              "line": 124,
              "column": 78
            }
          },
          {
            "start": {
              "line": 124,
              "column": 81
            },
            "end": {
              "line": 124,
              "column": 82
            }
          }
        ],
        "line": 124
      },
      "8": {
        "loc": {
          "start": {
            "line": 125,
            "column": 23
          },
          "end": {
            "line": 125,
            "column": 82
          }
        },
        "type": "cond-expr",
        "locations": [
          {
            "start": {
              "line": 125,
              "column": 52
            },
            "end": {
              "line": 125,
              "column": 78
            }
          },
          {
            "start": {
              "line": 125,
              "column": 81
            },
            "end": {
              "line": 125,
              "column": 82
            }
          }
        ],
        "line": 125
      },
      "9": {
        "loc": {
          "start": {
            "line": 155,
            "column": 13
          },
          "end": {
            "line": 164,
            "column": 13
          }
        },
        "type": "binary-expr",
        "locations": [
          {
            "start": {
              "line": 155,
              "column": 13
            },
            "end": {
              "line": 155,
              "column": 22
            }
          },
          {
            "start": {
              "line": 155,
              "column": 26
            },
            "end": {
              "line": 155,
              "column": 46
            }
          },
          {
            "start": {
              "line": 156,
              "column": 14
            },
            "end": {
              "line": 163,
              "column": 16
            }
          }
        ],
        "line": 155
      },
      "10": {
        "loc": {
          "start": {
            "line": 165,
            "column": 13
          },
          "end": {
            "line": 174,
            "column": 13
          }
        },
        "type": "binary-expr",
        "locations": [
          {
            "start": {
              "line": 165,
              "column": 13
            },
            "end": {
              "line": 165,
              "column": 22
            }
          },
          {
            "start": {
              "line": 165,
              "column": 26
            },
            "end": {
              "line": 165,
              "column": 46
            }
          },
          {
            "start": {
              "line": 166,
              "column": 14
            },
            "end": {
              "line": 173,
              "column": 16
            }
          }
        ],
        "line": 165
      },
      "11": {
        "loc": {
          "start": {
            "line": 206,
            "column": 20
          },
          "end": {
            "line": 213,
            "column": 21
          }
        },
        "type": "if",
        "locations": [
          {
            "start": {
              "line": 206,
              "column": 20
            },
            "end": {
              "line": 213,
              "column": 21
            }
          },
          {
            "start": {},
            "end": {}
          }
        ],
        "line": 206
      },
      "12": {
        "loc": {
          "start": {
            "line": 206,
            "column": 24
          },
          "end": {
            "line": 206,
            "column": 79
          }
        },
        "type": "binary-expr",
        "locations": [
          {
            "start": {
              "line": 206,
              "column": 24
            },
            "end": {
              "line": 206,
              "column": 32
            }
          },
          {
            "start": {
              "line": 206,
              "column": 36
            },
            "end": {
              "line": 206,
              "column": 79
            }
          }
        ],
        "line": 206
      },
      "13": {
        "loc": {
          "start": {
            "line": 224,
            "column": 23
          },
          "end": {
            "line": 224,
            "column": 56
          }
        },
        "type": "cond-expr",
        "locations": [
          {
            "start": {
              "line": 224,
              "column": 35
            },
            "end": {
              "line": 224,
              "column": 44
            }
          },
          {
            "start": {
              "line": 224,
              "column": 47
            },
            "end": {
              "line": 224,
              "column": 56
            }
          }
        ],
        "line": 224
      },
      "14": {
        "loc": {
          "start": {
            "line": 303,
            "column": 20
          },
          "end": {
            "line": 310,
            "column": 21
          }
        },
        "type": "if",
        "locations": [
          {
            "start": {
              "line": 303,
              "column": 20
            },
            "end": {
              "line": 310,
              "column": 21
            }
          },
          {
            "start": {},
            "end": {}
          }
        ],
        "line": 303
      },
      "15": {
        "loc": {
          "start": {
            "line": 307,
            "column": 22
          },
          "end": {
            "line": 309,
            "column": 23
          }
        },
        "type": "if",
        "locations": [
          {
            "start": {
              "line": 307,
              "column": 22
            },
            "end": {
              "line": 309,
              "column": 23
            }
          },
          {
            "start": {},
            "end": {}
          }
        ],
        "line": 307
      },
      "16": {
        "loc": {
          "start": {
            "line": 307,
            "column": 26
          },
          "end": {
            "line": 307,
            "column": 67
          }
        },
        "type": "binary-expr",
        "locations": [
          {
            "start": {
              "line": 307,
              "column": 26
            },
            "end": {
              "line": 307,
              "column": 44
            }
          },
          {
            "start": {
              "line": 307,
              "column": 48
            },
            "end": {
              "line": 307,
              "column": 67
            }
          }
        ],
        "line": 307
      },
      "17": {
        "loc": {
          "start": {
            "line": 322,
            "column": 23
          },
          "end": {
            "line": 322,
            "column": 48
          }
        },
        "type": "cond-expr",
        "locations": [
          {
            "start": {
              "line": 322,
              "column": 35
            },
            "end": {
              "line": 322,
              "column": 44
            }
          },
          {
            "start": {
              "line": 322,
              "column": 47
            },
            "end": {
              "line": 322,
              "column": 48
            }
          }
        ],
        "line": 322
      },
      "18": {
        "loc": {
          "start": {
            "line": 327,
            "column": 20
          },
          "end": {
            "line": 329,
            "column": 21
          }
        },
        "type": "if",
        "locations": [
          {
            "start": {
              "line": 327,
              "column": 20
            },
            "end": {
              "line": 329,
              "column": 21
            }
          },
          {
            "start": {},
            "end": {}
          }
        ],
        "line": 327
      },
      "19": {
        "loc": {
          "start": {
            "line": 333,
            "column": 20
          },
          "end": {
            "line": 339,
            "column": 21
          }
        },
        "type": "if",
        "locations": [
          {
            "start": {
              "line": 333,
              "column": 20
            },
            "end": {
              "line": 339,
              "column": 21
            }
          },
          {
            "start": {},
            "end": {}
          }
        ],
        "line": 333
      },
      "20": {
        "loc": {
          "start": {
            "line": 417,
            "column": 17
          },
          "end": {
            "line": 442,
            "column": 20
          }
        },
        "type": "binary-expr",
        "locations": [
          {
            "start": {
              "line": 417,
              "column": 17
            },
            "end": {
              "line": 417,
              "column": 27
            }
          },
          {
            "start": {
              "line": 418,
              "column": 18
            },
            "end": {
              "line": 442,
              "column": 20
            }
          }
        ],
        "line": 417
      },
      "21": {
        "loc": {
          "start": {
            "line": 425,
            "column": 25
          },
          "end": {
            "line": 425,
            "column": 78
          }
        },
        "type": "cond-expr",
        "locations": [
          {
            "start": {
              "line": 425,
              "column": 59
            },
            "end": {
              "line": 425,
              "column": 67
            }
          },
          {
            "start": {
              "line": 425,
              "column": 70
            },
            "end": {
              "line": 425,
              "column": 78
            }
          }
        ],
        "line": 425
      }
    },
    "s": {
      "0": 100,
      "1": 100,
      "2": 100,
      "3": 100,
      "4": 100,
      "5": 100,
      "6": 100,
      "7": 100,
      "8": 100,
      "9": 100,
      "10": 100,
      "11": 100,
      "12": 100,
      "13": 100,
      "14": 54,
      "15": 54,
      "16": 54,
      "17": 54,
      "18": 54,
      "19": 100,
      "20": 100,
      "21": 100,
      "22": 0,
      "23": 0,
      "24": 0,
      "25": 0,
      "26": 0,
      "27": 0,
      "28": 0,
      "29": 0,
      "30": 0,
      "31": 0,
      "32": 0,
      "33": 0,
      "34": 100,
      "35": 0,
      "36": 0,
      "37": 0,
      "38": 0,
      "39": 100,
      "40": 0,
      "41": 0,
      "42": 0,
      "43": 0,
      "44": 0,
      "45": 0,
      "46": 0,
      "47": 0,
      "48": 0,
      "49": 0,
      "50": 0,
      "51": 0,
      "52": 0,
      "53": 0,
      "54": 0,
      "55": 0,
      "56": 100,
      "57": 0,
      "58": 0,
      "59": 0,
      "60": 0,
      "61": 0,
      "62": 0,
      "63": 0,
      "64": 0,
      "65": 0,
      "66": 0,
      "67": 0,
      "68": 0,
      "69": 0,
      "70": 0,
      "71": 0,
      "72": 0,
      "73": 0,
      "74": 0,
      "75": 0,
      "76": 0,
      "77": 0,
      "78": 0,
      "79": 0,
      "80": 0,
      "81": 400,
      "82": 0
    },
    "f": {
      "0": 100,
      "1": 54,
      "2": 54,
      "3": 0,
      "4": 0,
      "5": 0,
      "6": 0,
      "7": 0,
      "8": 0,
      "9": 0,
      "10": 0,
      "11": 0,
      "12": 0,
      "13": 0,
      "14": 0,
      "15": 0,
      "16": 0,
      "17": 0,
      "18": 400,
      "19": 0
    },
    "b": {
      "0": [
        54,
        0
      ],
      "1": [
        0,
        0
      ],
      "2": [
        0,
        0
      ],
      "3": [
        0,
        0
      ],
      "4": [
        0,
        0
      ],
      "5": [
        0,
        0
      ],
      "6": [
        0,
        0
      ],
      "7": [
        0,
        0
      ],
      "8": [
        0,
        0
      ],
      "9": [
        100,
        100,
        100
      ],
      "10": [
        100,
        100,
        100
      ],
      "11": [
        0,
        0
      ],
      "12": [
        0,
        0
      ],
      "13": [
        100,
        0
      ],
      "14": [
        0,
        0
      ],
      "15": [
        0,
        0
      ],
      "16": [
        0,
        0
      ],
      "17": [
        0,
        100
      ],
      "18": [
        0,
        0
      ],
      "19": [
        0,
        0
      ],
      "20": [
        100,
        100
      ],
      "21": [
        100,
        300
      ]
    },
    "_coverageSchema": "1a1c01bbd47fc00a2c39e90264f33305004495a9",
    "hash": "59ac193bbd6180e3dfe7ae86ecf84f98241ee0e2"
  },
  "D:\\NUS_Project\\Smart_Itinerary\\components\\ImageCarousel\\Card.tsx": {
    "path": "D:\\NUS_Project\\Smart_Itinerary\\components\\ImageCarousel\\Card.tsx",
    "statementMap": {
      "0": {
        "start": {
          "line": 9,
          "column": 34
        },
        "end": {
          "line": 26,
          "column": 1
        }
      },
      "1": {
        "start": {
          "line": 10,
          "column": 40
        },
        "end": {
          "line": 10,
          "column": 64
        }
      },
      "2": {
        "start": {
          "line": 11,
          "column": 2
        },
        "end": {
          "line": 25,
          "column": 4
        }
      }
    },
    "fnMap": {
      "0": {
        "name": "(anonymous_0)",
        "decl": {
          "start": {
            "line": 9,
            "column": 34
          },
          "end": {
            "line": 9,
            "column": 35
          }
        },
        "loc": {
          "start": {
            "line": 9,
            "column": 49
          },
          "end": {
            "line": 26,
            "column": 1
          }
        },
        "line": 9
      }
    },
    "branchMap": {},
    "s": {
      "0": 32,
      "1": 5220,
      "2": 5220
    },
    "f": {
      "0": 5220
    },
    "b": {},
    "_coverageSchema": "1a1c01bbd47fc00a2c39e90264f33305004495a9",
    "hash": "ea48e510f1825297eac0ed080e037f13255719df"
  },
  "D:\\NUS_Project\\Smart_Itinerary\\components\\ImageCarousel\\ImageCarousel.tsx": {
    "path": "D:\\NUS_Project\\Smart_Itinerary\\components\\ImageCarousel\\ImageCarousel.tsx",
    "statementMap": {
      "0": {
        "start": {
          "line": 8,
          "column": 25
        },
        "end": {
          "line": 18,
          "column": 3
        }
      },
      "1": {
        "start": {
          "line": 20,
          "column": 25
        },
        "end": {
          "line": 20,
          "column": 37
        }
      },
      "2": {
        "start": {
          "line": 21,
          "column": 23
        },
        "end": {
          "line": 21,
          "column": 40
        }
      },
      "3": {
        "start": {
          "line": 22,
          "column": 22
        },
        "end": {
          "line": 22,
          "column": 84
        }
      },
      "4": {
        "start": {
          "line": 23,
          "column": 2
        },
        "end": {
          "line": 36,
          "column": 28
        }
      },
      "5": {
        "start": {
          "line": 24,
          "column": 4
        },
        "end": {
          "line": 24,
          "column": 23
        }
      },
      "6": {
        "start": {
          "line": 24,
          "column": 16
        },
        "end": {
          "line": 24,
          "column": 23
        }
      },
      "7": {
        "start": {
          "line": 27,
          "column": 26
        },
        "end": {
          "line": 27,
          "column": 41
        }
      },
      "8": {
        "start": {
          "line": 28,
          "column": 4
        },
        "end": {
          "line": 34,
          "column": 7
        }
      },
      "9": {
        "start": {
          "line": 35,
          "column": 4
        },
        "end": {
          "line": 35,
          "column": 25
        }
      },
      "10": {
        "start": {
          "line": 38,
          "column": 2
        },
        "end": {
          "line": 46,
          "column": 4
        }
      },
      "11": {
        "start": {
          "line": 42,
          "column": 10
        },
        "end": {
          "line": 42,
          "column": 41
        }
      }
    },
    "fnMap": {
      "0": {
        "name": "ImageCarousel",
        "decl": {
          "start": {
            "line": 7,
            "column": 24
          },
          "end": {
            "line": 7,
            "column": 37
          }
        },
        "loc": {
          "start": {
            "line": 7,
            "column": 40
          },
          "end": {
            "line": 47,
            "column": 1
          }
        },
        "line": 7
      },
      "1": {
        "name": "(anonymous_1)",
        "decl": {
          "start": {
            "line": 23,
            "column": 12
          },
          "end": {
            "line": 23,
            "column": 13
          }
        },
        "loc": {
          "start": {
            "line": 23,
            "column": 18
          },
          "end": {
            "line": 36,
            "column": 3
          }
        },
        "line": 23
      },
      "2": {
        "name": "(anonymous_2)",
        "decl": {
          "start": {
            "line": 41,
            "column": 52
          },
          "end": {
            "line": 41,
            "column": 53
          }
        },
        "loc": {
          "start": {
            "line": 42,
            "column": 10
          },
          "end": {
            "line": 42,
            "column": 41
          }
        },
        "line": 42
      }
    },
    "branchMap": {
      "0": {
        "loc": {
          "start": {
            "line": 24,
            "column": 4
          },
          "end": {
            "line": 24,
            "column": 23
          }
        },
        "type": "if",
        "locations": [
          {
            "start": {
              "line": 24,
              "column": 4
            },
            "end": {
              "line": 24,
              "column": 23
            }
          },
          {
            "start": {},
            "end": {}
          }
        ],
        "line": 24
      }
    },
    "s": {
      "0": 290,
      "1": 290,
      "2": 290,
      "3": 290,
      "4": 290,
      "5": 124,
      "6": 88,
      "7": 36,
      "8": 36,
      "9": 36,
      "10": 290,
      "11": 5220
    },
    "f": {
      "0": 290,
      "1": 124,
      "2": 5220
    },
    "b": {
      "0": [
        88,
        36
      ]
    },
    "_coverageSchema": "1a1c01bbd47fc00a2c39e90264f33305004495a9",
    "hash": "aa69268077aaeaebd199729c51cf1e4970c1aae0"
  },
  "D:\\NUS_Project\\Smart_Itinerary\\app\\page.tsx": {
    "path": "D:\\NUS_Project\\Smart_Itinerary\\app\\page.tsx",
    "statementMap": {
      "0": {
        "start": {
          "line": 17,
          "column": 40
        },
        "end": {
          "line": 17,
          "column": 49
        }
      },
      "1": {
        "start": {
          "line": 19,
          "column": 17
        },
        "end": {
          "line": 19,
          "column": 39
        }
      },
      "2": {
        "start": {
          "line": 21,
          "column": 31
        },
        "end": {
          "line": 35,
          "column": 3
        }
      },
      "3": {
        "start": {
          "line": 22,
          "column": 4
        },
        "end": {
          "line": 34,
          "column": 7
        }
      },
      "4": {
        "start": {
          "line": 37,
          "column": 2
        },
        "end": {
          "line": 59,
          "column": 9
        }
      },
      "5": {
        "start": {
          "line": 38,
          "column": 22
        },
        "end": {
          "line": 56,
          "column": 5
        }
      },
      "6": {
        "start": {
          "line": 40,
          "column": 26
        },
        "end": {
          "line": 40,
          "column": 60
        }
      },
      "7": {
        "start": {
          "line": 42,
          "column": 6
        },
        "end": {
          "line": 54,
          "column": 7
        }
      },
      "8": {
        "start": {
          "line": 43,
          "column": 31
        },
        "end": {
          "line": 43,
          "column": 80
        }
      },
      "9": {
        "start": {
          "line": 45,
          "column": 8
        },
        "end": {
          "line": 53,
          "column": 9
        }
      },
      "10": {
        "start": {
          "line": 46,
          "column": 29
        },
        "end": {
          "line": 51,
          "column": 11
        }
      },
      "11": {
        "start": {
          "line": 52,
          "column": 10
        },
        "end": {
          "line": 52,
          "column": 44
        }
      },
      "12": {
        "start": {
          "line": 55,
          "column": 6
        },
        "end": {
          "line": 55,
          "column": 47
        }
      },
      "13": {
[...]
          "line": 60,
          "column": 31
        }
      },
      "21": {
        "start": {
          "line": 63,
          "column": 10
        },
        "end": {
          "line": 63,
          "column": 36
        }
      },
      "22": {
        "start": {
          "line": 70,
          "column": 2
        },
        "end": {
          "line": 75,
          "column": 17
        }
      },
      "23": {
        "start": {
          "line": 71,
          "column": 4
        },
        "end": {
          "line": 71,
          "column": 26
        }
      },
      "24": {
        "start": {
          "line": 72,
          "column": 4
        },
        "end": {
          "line": 74,
          "column": 5
        }
      },
      "25": {
        "start": {
          "line": 73,
          "column": 6
        },
        "end": {
          "line": 73,
          "column": 30
        }
      },
      "26": {
        "start": {
          "line": 77,
          "column": 2
        },
        "end": {
          "line": 139,
          "column": 4
        }
      },
      "27": {
        "start": {
          "line": 127,
          "column": 25
        },
        "end": {
          "line": 127,
          "column": 50
        }
      },
      "28": {
        "start": {
          "line": 133,
          "column": 25
        },
        "end": {
          "line": 133,
          "column": 51
        }
      },
      "29": {
        "start": {
          "line": 143,
          "column": 2
        },
        "end": {
          "line": 147,
          "column": 4
        }
      }
    },
    "fnMap": {
      "0": {
        "name": "(anonymous_0)",
        "decl": {
          "start": {
            "line": 11,
            "column": 24
          },
          "end": {
            "line": 11,
            "column": 25
          }
        },
        "loc": {
          "start": {
            "line": 11,
            "column": 30
          },
          "end": {
            "line": 140,
            "column": 1
          }
        },
        "line": 11
      },
      "1": {
        "name": "(anonymous_1)",
        "decl": {
          "start": {
            "line": 16,
            "column": 37
          },
          "end": {
            "line": 16,
            "column": 38
          }
        },
        "loc": {
          "start": {
            "line": 16,
            "column": 48
          },
          "end": {
            "line": 16,
            "column": 66
          }
        },
        "line": 16
      },
      "2": {
        "name": "(anonymous_2)",
        "decl": {
          "start": {
            "line": 19,
            "column": 4
          },
          "end": {
            "line": 19,
            "column": 5
          }
        },
        "loc": {
          "start": {
            "line": 19,
            "column": 15
          },
          "end": {
            "line": 19,
            "column": 42
          }
        },
        "line": 19
      },
      "3": {
        "name": "(anonymous_3)",
        "decl": {
          "start": {
            "line": 21,
            "column": 34
          },
          "end": {
            "line": 21,
            "column": 35
          }
        },
        "loc": {
          "start": {
            "line": 21,
            "column": 40
          },
          "end": {
            "line": 23,
            "column": 3
          }
        },
        "line": 21
      },
      "4": {
        "name": "(anonymous_4)",
        "decl": {
          "start": {
            "line": 24,
            "column": 35
          },
          "end": {
            "line": 24,
            "column": 36
          }
        },
        "loc": {
          "start": {
            "line": 24,
            "column": 41
          },
          "end": {
            "line": 67,
            "column": 3
          }
        },
        "line": 24
      },
      "5": {
        "name": "(anonymous_5)",
        "decl": {
          "start": {
            "line": 38,
            "column": 18
          },
          "end": {
            "line": 38,
            "column": 19
          }
        },
        "loc": {
          "start": {
            "line": 38,
            "column": 30
          },
          "end": {
            "line": 48,
            "column": 7
          }
        },
        "line": 38
      },
      "6": {
        "name": "(anonymous_6)",
        "decl": {
          "start": {
            "line": 49,
            "column": 12
          },
          "end": {
            "line": 49,
            "column": 13
          }
        },
        "loc": {
          "start": {
            "line": 49,
            "column": 24
          },
          "end": {
            "line": 66,
            "column": 5
          }
        },
        "line": 49
      },
      "7": {
        "name": "(anonymous_7)",
        "decl": {
          "start": {
            "line": 59,
            "column": 19
          },
          "end": {
            "line": 59,
            "column": 20
          }
        },
        "loc": {
          "start": {
            "line": 59,
            "column": 25
          },
          "end": {
            "line": 61,
            "column": 11
          }
        },
        "line": 59
      },
      "8": {
        "name": "(anonymous_8)",
        "decl": {
          "start": {
            "line": 62,
            "column": 16
          },
          "end": {
            "line": 62,
            "column": 17
          }
        },
        "loc": {
          "start": {
            "line": 62,
            "column": 28
          },
          "end": {
            "line": 64,
            "column": 9
          }
        },
        "line": 62
      },
      "9": {
        "name": "(anonymous_9)",
        "decl": {
          "start": {
            "line": 70,
            "column": 12
          },
          "end": {
            "line": 70,
            "column": 13
          }
        },
        "loc": {
          "start": {
            "line": 70,
            "column": 18
          },
          "end": {
            "line": 75,
            "column": 3
          }
        },
        "line": 70
      },
      "10": {
        "name": "(anonymous_10)",
        "decl": {
          "start": {
            "line": 127,
            "column": 19
          },
          "end": {
            "line": 127,
            "column": 20
          }
        },
        "loc": {
          "start": {
            "line": 127,
            "column": 25
          },
          "end": {
            "line": 127,
            "column": 50
          }
        },
        "line": 127
      },
      "11": {
        "name": "(anonymous_11)",
        "decl": {
          "start": {
            "line": 133,
            "column": 19
          },
          "end": {
            "line": 133,
            "column": 20
          }
        },
        "loc": {
          "start": {
            "line": 133,
            "column": 25
          },
          "end": {
            "line": 133,
            "column": 51
          }
        },
        "line": 133
      },
      "12": {
        "name": "HotelDetailPageWithSuspense",
        "decl": {
          "start": {
            "line": 142,
            "column": 24
          },
          "end": {
            "line": 142,
            "column": 51
          }
        },
        "loc": {
          "start": {
            "line": 142,
            "column": 54
          },
          "end": {
            "line": 148,
            "column": 1
          }
        },
        "line": 142
      }
    },
    "branchMap": {
      "0": {
        "loc": {
          "start": {
            "line": 15,
            "column": 22
          },
          "end": {
            "line": 15,
            "column": 57
          }
        },
        "type": "binary-expr",
        "locations": [
          {
            "start": {
              "line": 15,
              "column": 22
            },
            "end": {
              "line": 15,
              "column": 51
            }
          },
          {
            "start": {
              "line": 15,
              "column": 55
            },
            "end": {
              "line": 15,
              "column": 57
            }
          }
        ],
        "line": 15
      },
      "1": {
        "loc": {
          "start": {
            "line": 50,
            "column": 6
          },
          "end": {
            "line": 65,
            "column": 7
          }
        },
        "type": "if",
        "locations": [
          {
            "start": {
              "line": 50,
              "column": 6
            },
            "end": {
              "line": 65,
              "column": 7
            }
          },
          {
            "start": {},
            "end": {}
          }
        ],
        "line": 50
      },
      "2": {
        "loc": {
          "start": {
            "line": 72,
            "column": 4
          },
          "end": {
            "line": 74,
            "column": 5
          }
        },
        "type": "if",
        "locations": [
          {
            "start": {
              "line": 72,
              "column": 4
            },
            "end": {
              "line": 74,
              "column": 5
            }
          },
          {
            "start": {},
            "end": {}
          }
        ],
        "line": 72
      }
    },
    "s": {
      "0": 10,
      "1": 28,
      "2": 20,
      "3": 20,
      "4": 20,
      "5": 20,
      "6": 70,
      "7": 20,
      "8": 20,
      "9": 70,
      "10": 20,
      "11": 1,
      "12": 20,
      "13": 2,
      "14": 1,
      "15": 1,
      "16": 0,
      "17": 0,
      "18": 1,
      "19": 1,
      "20": 1,
      "21": 1,
      "22": 20,
      "23": 20,
      "24": 20,
      "25": 0,
      "26": 20,
      "27": 0,
      "28": 2,
      "29": 28
    },
    "f": {
      "0": 28,
      "1": 70,
      "2": 70,
      "3": 1,
      "4": 2,
      "5": 1,
      "6": 1,
      "7": 1,
      "8": 1,
      "9": 20,
      "10": 0,
      "11": 2,
      "12": 28
    },
    "b": {
      "0": [
        20,
        0
      ],
      "1": [
        1,
        0
      ],
      "2": [
        0,
        20
      ]
    },
    "_coverageSchema": "1a1c01bbd47fc00a2c39e90264f33305004495a9",
    "hash": "a9de6c2f677592ad4164ecb17bd7256fe5fc3bc6"
  },
  "D:\\NUS_Project\\Smart_Itinerary\\app\\(hotel)\\hotel\\search\\page.tsx": {
    "path": "D:\\NUS_Project\\Smart_Itinerary\\app\\(hotel)\\hotel\\search\\page.tsx",
    "statementMap": {
      "0": {
        "start": {
          "line": 7,
          "column": 2
        },
        "end": {
          "line": 16,
          "column": 4
        }
      }
    },
    "fnMap": {
      "0": {
        "name": "HotelSearch",
        "decl": {
          "start": {
            "line": 6,
            "column": 24
          },
          "end": {
            "line": 6,
            "column": 35
          }
        },
        "loc": {
          "start": {
            "line": 6,
            "column": 38
          },
          "end": {
            "line": 17,
            "column": 1
          }
        },
        "line": 6
      }
    },
    "branchMap": {},
    "s": {
      "0": 11
    },
    "f": {
      "0": 11
    },
    "b": {},
    "_coverageSchema": "1a1c01bbd47fc00a2c39e90264f33305004495a9",
    "hash": "ae9ecdf75c71725f246939a179b020b9b82bc4b1"
  },
  "D:\\NUS_Project\\Smart_Itinerary\\app\\HomeCarousel.tsx": {
    "path": "D:\\NUS_Project\\Smart_Itinerary\\app\\HomeCarousel.tsx",
    "statementMap": {
      "0": {
        "start": {
          "line": 4,
          "column": 17
        },
        "end": {
          "line": 4,
          "column": 20
        }
      },
      "1": {
        "start": {
          "line": 5,
          "column": 18
        },
        "end": {
          "line": 5,
          "column": 21
        }
      },
      "2": {
        "start": {
          "line": 7,
          "column": 23
        },
        "end": {
          "line": 17,
          "column": 1
        }
      },
      "3": {
        "start": {
          "line": 20,
          "column": 56
        },
        "end": {
          "line": 20,
          "column": 67
        }
      },
      "4": {
        "start": {
          "line": 22,
          "column": 24
        },
        "end": {
          "line": 22,
          "column": 52
        }
      },
      "5": {
        "start": {
          "line": 24,
          "column": 23
        },
        "end": {
          "line": 32,
          "column": 5
        }
      },
      "6": {
        "start": {
          "line": 25,
          "column": 8
        },
        "end": {
          "line": 31,
          "column": 10
        }
      },
      "7": {
        "start": {
          "line": 26,
          "column": 12
        },
        "end": {
          "line": 30,
          "column": 13
        }
      },
      "8": {
        "start": {
          "line": 27,
          "column": 16
        },
        "end": {
          "line": 27,
          "column": 36
        }
      },
      "9": {
        "start": {
          "line": 29,
          "column": 16
        },
        "end": {
          "line": 29,
          "column": 24
        }
      },
      "10": {
        "start": {
          "line": 34,
          "column": 21
        },
        "end": {
          "line": 34,
          "column": 73
        }
      },
      "11": {
        "start": {
          "line": 34,
          "column": 39
        },
        "end": {
          "line": 34,
          "column": 68
        }
      },
      "12": {
        "start": {
          "line": 36,
          "column": 4
        },
        "end": {
          "line": 39,
          "column": 18
        }
      },
      "13": {
        "start": {
          "line": 37,
          "column": 21
        },
        "end": {
          "line": 37,
          "column": 31
        }
      },
      "14": {
        "start": {
          "line": 38,
          "column": 8
        },
        "end": {
          "line": 38,
          "column": 40
        }
      },
      "15": {
        "start": {
          "line": 38,
          "column": 21
        },
        "end": {
          "line": 38,
          "column": 40
        }
      },
      "16": {
        "start": {
          "line": 41,
          "column": 4
        },
        "end": {
          "line": 43,
          "column": 28
        }
      },
      "17": {
        "start": {
          "line": 42,
          "column": 8
        },
        "end": {
          "line": 42,
          "column": 76
        }
      },
      "18": {
        "start": {
          "line": 46,
          "column": 4
        },
        "end": {
          "line": 65,
          "column": 5
        }
      },
      "19": {
        "start": {
          "line": 51,
          "column": 24
        },
        "end": {
          "line": 60,
          "column": 30
        }
      }
    },
    "fnMap": {
      "0": {
        "name": "Carousel",
        "decl": {
          "start": {
            "line": 19,
            "column": 24
          },
          "end": {
            "line": 19,
            "column": 32
          }
        },
        "loc": {
          "start": {
            "line": 19,
            "column": 35
          },
          "end": {
            "line": 66,
            "column": 1
          }
        },
        "line": 19
      },
      "1": {
        "name": "(anonymous_1)",
        "decl": {
          "start": {
            "line": 24,
            "column": 23
          },
          "end": {
            "line": 24,
            "column": 24
          }
        },
        "loc": {
          "start": {
            "line": 24,
            "column": 29
          },
          "end": {
            "line": 32,
            "column": 5
          }
        },
        "line": 24
      },
      "2": {
        "name": "(anonymous_2)",
        "decl": {
          "start": {
            "line": 25,
            "column": 30
          },
          "end": {
            "line": 25,
            "column": 31
          }
        },
        "loc": {
          "start": {
            "line": 25,
            "column": 43
          },
          "end": {
            "line": 31,
            "column": 9
          }
        },
        "line": 25
      },
      "3": {
        "name": "(anonymous_3)",
        "decl": {
          "start": {
            "line": 34,
            "column": 33
          },
          "end": {
            "line": 34,
            "column": 34
          }
        },
        "loc": {
          "start": {
            "line": 34,
            "column": 39
          },
          "end": {
            "line": 34,
            "column": 68
          }
        },
        "line": 34
      },
      "4": {
        "name": "(anonymous_4)",
        "decl": {
          "start": {
            "line": 36,
            "column": 14
          },
          "end": {
            "line": 36,
            "column": 15
          }
        },
        "loc": {
          "start": {
            "line": 36,
            "column": 20
          },
          "end": {
            "line": 39,
            "column": 5
          }
        },
        "line": 36
      },
      "5": {
        "name": "(anonymous_5)",
        "decl": {
          "start": {
            "line": 38,
            "column": 15
          },
          "end": {
            "line": 38,
            "column": 16
          }
        },
        "loc": {
          "start": {
            "line": 38,
            "column": 21
          },
          "end": {
            "line": 38,
            "column": 40
          }
        },
        "line": 38
      },
      "6": {
        "name": "(anonymous_6)",
        "decl": {
          "start": {
            "line": 41,
            "column": 14
          },
          "end": {
            "line": 41,
            "column": 15
          }
        },
        "loc": {
          "start": {
            "line": 41,
            "column": 20
          },
          "end": {
            "line": 43,
            "column": 5
          }
        },
        "line": 41
      },
      "7": {
        "name": "(anonymous_7)",
        "decl": {
          "start": {
            "line": 50,
            "column": 39
          },
          "end": {
            "line": 50,
            "column": 40
          }
        },
        "loc": {
          "start": {
            "line": 51,
            "column": 24
          },
          "end": {
            "line": 60,
            "column": 30
          }
        },
        "line": 51
      }
    },
    "branchMap": {
      "0": {
        "loc": {
          "start": {
            "line": 26,
            "column": 12
          },
          "end": {
            "line": 30,
            "column": 13
          }
        },
        "type": "if",
        "locations": [
          {
            "start": {
              "line": 26,
              "column": 12
            },
            "end": {
              "line": 30,
              "column": 13
            }
          },
          {
            "start": {
              "line": 28,
              "column": 19
            },
            "end": {
              "line": 30,
              "column": 13
            }
          }
        ],
        "line": 26
      }
    },
    "s": {
      "0": 2,
      "1": 2,
      "2": 2,
      "3": 2,
      "4": 2,
      "5": 2,
      "6": 0,
      "7": 0,
      "8": 0,
      "9": 0,
      "10": 2,
      "11": 2,
      "12": 2,
      "13": 2,
      "14": 2,
      "15": 0,
      "16": 2,
      "17": 2,
      "18": 2,
      "19": 18
    },
    "f": {
      "0": 2,
      "1": 0,
      "2": 0,
      "3": 2,
      "4": 2,
      "5": 0,
      "6": 2,
      "7": 18
    },
    "b": {
      "0": [
        0,
        0
      ]
    },
    "_coverageSchema": "1a1c01bbd47fc00a2c39e90264f33305004495a9",
    "hash": "c4251f686fb29d66ffb3721e6225ca6bd0d2876c"
  }
}